\BOOKMARK [1][-]{section.1}{\376\377\000K\000h\000\341\000i\000\040\000q\000u\000\341\000t\000\040\001\021\036\301\000\040\000t\000\340\000i}{}% 1
\BOOKMARK [2][-]{subsection.1.1}{\376\377\000G\000i\036\333\000i\000\040\000t\000h\000i\036\307\000u}{section.1}% 2
\BOOKMARK [2][-]{subsection.1.2}{\376\377\000P\000h\036\247\000n\000\040\000c\036\351\000n\000g\000\040\000s\036\355\000\040\000d\036\345\000n\000g}{section.1}% 3
\BOOKMARK [3][-]{subsubsection.1.2.1}{\376\377\000N\000o\000d\000e\000M\000C\000U\000\040\000E\000S\000P\0008\0002\0006\0006}{subsection.1.2}% 4
\BOOKMARK [3][-]{subsubsection.1.2.2}{\376\377\000R\000a\000s\000p\000b\000e\000r\000r\000y\000\040\000P\000i\000\040\0003\000\040\000B}{subsection.1.2}% 5
\BOOKMARK [3][-]{subsubsection.1.2.3}{\376\377\000C\000\341\000c\000\040\000m\000o\000d\000u\000l\000e\000\040\000c\036\243\000m\000\040\000b\000i\036\277\000n}{subsection.1.2}% 6
\BOOKMARK [3][-]{subsubsection.1.2.4}{\376\377\000M\000\340\000n\000\040\000h\000\354\000n\000h\000\040\000L\000C\000D\000\040\0001\0006\000x\0002}{subsection.1.2}% 7
\BOOKMARK [3][-]{subsubsection.1.2.5}{\376\377\000N\000h\036\357\000n\000g\000\040\000l\000i\000n\000h\000\040\000k\000i\036\307\000n\000\040\000k\000h\000\341\000c}{subsection.1.2}% 8
\BOOKMARK [2][-]{subsection.1.3}{\376\377\000P\000h\036\247\000n\000\040\000m\036\301\000m\000\040\000s\036\355\000\040\000d\036\345\000n\000g}{section.1}% 9
\BOOKMARK [3][-]{subsubsection.1.3.1}{\376\377\000A\000n\000d\000r\000o\000i\000d\000\040\000S\000t\000u\000d\000i\000o}{subsection.1.3}% 10
\BOOKMARK [3][-]{subsubsection.1.3.2}{\376\377\000A\000r\000d\000u\000i\000n\000o\000\040\000I\000D\000E}{subsection.1.3}% 11
\BOOKMARK [3][-]{subsubsection.1.3.3}{\376\377\000V\000i\000s\000u\000a\000l\000\040\000S\000t\000u\000d\000i\000o\000\040\000C\000o\000d\000e}{subsection.1.3}% 12
\BOOKMARK [3][-]{subsubsection.1.3.4}{\376\377\000A\000d\000o\000b\000e\000\040\000M\000u\000s\000e}{subsection.1.3}% 13
\BOOKMARK [3][-]{subsubsection.1.3.5}{\376\377\000S\000o\000c\000k\000e\000t\000T\000e\000s\000t}{subsection.1.3}% 14
\BOOKMARK [1][-]{section.2}{\376\377\000T\036\325\000n\000g\000\040\000q\000u\000a\000n\000\040\000h\036\307\000\040\000t\000h\036\321\000n\000g}{}% 15
\BOOKMARK [2][-]{subsection.2.1}{\376\377\000S\001\241\000\040\001\021\036\323\000\040\000k\000h\036\321\000i}{section.2}% 16
\BOOKMARK [2][-]{subsection.2.2}{\376\377\040\042}{section.2}% 17
\BOOKMARK [1][-]{section.3}{\376\377\000H\000i\036\307\000n\000\040\000t\000h\036\361\000c\000\040\000h\036\307\000\040\000t\000h\036\321\000n\000g}{}% 18
\BOOKMARK [2][-]{subsection.3.1}{\376\377\000S\000o\000c\000k\000e\000t\000\040\000c\000l\000i\000e\000n\000t\000s}{section.3}% 19
\BOOKMARK [2][-]{subsection.3.2}{\376\377\000S\000o\000c\000k\000e\000t\000\040\000s\000e\000r\000v\000e\000r}{section.3}% 20
\BOOKMARK [2][-]{subsection.3.3}{\376\377\000M\000o\000d\000u\000l\000e\000\040\000h\000i\036\303\000n\000\040\000t\000h\036\313\000\040\000v\000\340\000\040\001\021\000i\036\301\000u\000\040\000k\000h\000i\036\303\000n}{section.3}% 21
\BOOKMARK [2][-]{subsection.3.4}{\376\377\000O\000n\000l\000i\000n\000e\000\040\000s\000e\000r\000v\000e\000r}{section.3}% 22
\BOOKMARK [2][-]{subsection.3.5}{\376\377\036\350\000n\000g\000\040\000d\036\345\000n\000g\000\040\000d\000i\000\040\001\021\036\331\000n\000g}{section.3}% 23
\BOOKMARK [2][-]{subsection.3.6}{\376\377\000W\000e\000b\000s\000i\000t\000e}{section.3}% 24
\BOOKMARK [1][-]{section.4}{\376\377\000A\000p\000p}{}% 25
\BOOKMARK [2][-]{subsection.4.1}{\376\377\000U\000I}{section.4}% 26
\BOOKMARK [3][-]{subsubsection.4.1.1}{\376\377\000W\000e\000b\000\040\000A\000p\000p}{subsection.4.1}% 27
\BOOKMARK [2][-]{subsection.4.2}{\376\377\000C\000o\000d\000e}{section.4}% 28
